<?xml version="1.0" encoding="UTF-8"?>
<!-- Generated by org.testng.reporters.JUnitReportReporter -->
<testsuite skipped="0" hostname="DESKTOP-M55NBGM" name="App.page.Dataprovider" tests="3" failures="0" timestamp="02 Jan 2020 09:13:44 GMT" time="54.896" errors="0">
  <testcase name="verifylogin" time="18.901" classname="App.page.Dataprovider"/>
  <testcase name="verifylogin" time="18.497" classname="App.page.Dataprovider"/>
  <testcase name="verifylogin" time="17.498" classname="App.page.Dataprovider"/>
</testsuite> <!-- App.page.Dataprovider -->
