<?xml version="1.0" encoding="UTF-8"?>
<!-- Generated by org.testng.reporters.JUnitReportReporter -->
<testsuite skipped="0" hostname="DESKTOP-M55NBGM" name="App.test.Testcount" tests="1" failures="0" timestamp="30 Dec 2019 08:53:17 GMT" time="5.992" errors="0">
  <testcase name="verifycountobj" time="5.992" classname="App.test.Testcount"/>
</testsuite> <!-- App.test.Testcount -->
