<?xml version="1.0" encoding="UTF-8"?>
<!-- Generated by org.testng.reporters.JUnitReportReporter -->
<testsuite skipped="0" hostname="DESKTOP-M55NBGM" name="App.test.Testsize" tests="4" failures="0" timestamp="30 Dec 2019 07:35:26 GMT" time="10.337" errors="0">
  <testcase name="verifytlarge" time="0.253" classname="App.test.Testsize"/>
  <testcase name="verifylarge" time="0.791" classname="App.test.Testsize"/>
  <testcase name="verfiytabs" time="9.051" classname="App.test.Testsize"/>
  <testcase name="verifysmall" time="0.242" classname="App.test.Testsize"/>
</testsuite> <!-- App.test.Testsize -->
