<?xml version="1.0" encoding="UTF-8"?>
<!-- Generated by org.testng.reporters.JUnitReportReporter -->
<testsuite skipped="0" hostname="DESKTOP-M55NBGM" name="App.test.Testemail" tests="1" failures="0" timestamp="28 Dec 2019 06:53:11 GMT" time="7.293" errors="0">
  <testcase name="verified" time="7.293" classname="App.test.Testemail"/>
</testsuite> <!-- App.test.Testemail -->
