<?xml version="1.0" encoding="UTF-8"?>
<!-- Generated by org.testng.reporters.JUnitReportReporter -->
<testsuite skipped="0" hostname="DESKTOP-M55NBGM" name="App.test.Testpage" tests="4" failures="0" timestamp="28 Dec 2019 07:19:48 GMT" time="25.624" errors="0">
  <testcase name="verfiytabs" time="24.883" classname="App.test.Testpage"/>
  <testcase name="verifywomen" time="0.081" classname="App.test.Testpage"/>
  <testcase name="verifytshirt" time="0.232" classname="App.test.Testpage"/>
  <testcase name="verifydresses" time="0.428" classname="App.test.Testpage"/>
</testsuite> <!-- App.test.Testpage -->
