<?xml version="1.0" encoding="UTF-8"?>
<!-- Generated by org.testng.reporters.JUnitReportReporter -->
<testsuite skipped="0" hostname="DESKTOP-M55NBGM" name="App.test.Testproduct" tests="1" failures="0" timestamp="30 Dec 2019 14:34:05 GMT" time="5.913" errors="0">
  <testcase name="checkproduct" time="5.913" classname="App.test.Testproduct"/>
</testsuite> <!-- App.test.Testproduct -->
