<?xml version="1.0" encoding="UTF-8"?>
<!-- Generated by org.testng.reporters.JUnitReportReporter -->
<testsuite hostname="DESKTOP-M55NBGM" name="App.test.Testcount" tests="1" failures="0" timestamp="3 Jan 2020 08:30:09 GMT" time="4.620" errors="0">
  <testcase name="verifycountobj" time="4.620" classname="App.test.Testcount"/>
</testsuite> <!-- App.test.Testcount -->
