<?xml version="1.0" encoding="UTF-8"?>
<!-- Generated by org.testng.reporters.JUnitReportReporter -->
<testsuite hostname="DESKTOP-M55NBGM" name="App.test.Testproduct" tests="1" failures="0" timestamp="3 Jan 2020 08:30:09 GMT" time="4.544" errors="0">
  <testcase name="checkproduct" time="4.544" classname="App.test.Testproduct"/>
</testsuite> <!-- App.test.Testproduct -->
