<?xml version="1.0" encoding="UTF-8"?>
<!-- Generated by org.testng.reporters.JUnitReportReporter -->
<testsuite hostname="DESKTOP-M55NBGM" name="App.test.Testpage" tests="4" failures="0" timestamp="3 Jan 2020 08:30:08 GMT" time="10.289" errors="0">
  <testcase name="verfiytabs" time="9.778" classname="App.test.Testpage"/>
  <testcase name="verifywomen" time="0.073" classname="App.test.Testpage"/>
  <testcase name="verifydresses" time="0.345" classname="App.test.Testpage"/>
  <testcase name="verifytshirt" time="0.093" classname="App.test.Testpage"/>
</testsuite> <!-- App.test.Testpage -->
